<?xml version="1.0" encoding="UTF-8"?>
<!-- Generated by org.testng.reporters.JUnitReportReporter -->
<testsuite hostname="DESKTOP-P8A2U13" failures="0" tests="1" name="pac1.ContactTest" time="0.015" errors="0" timestamp="2025-07-08T12:54:02 IST" skipped="0">
  <testcase classname="pac1.ContactTest" name="createContactTest" time="0.015"/>
</testsuite> <!-- pac1.ContactTest -->
