<?xml version="1.0" encoding="UTF-8"?>
<!-- Generated by org.testng.reporters.JUnitReportReporter -->
<testsuite hostname="DESKTOP-P8A2U13" failures="0" tests="2" name="pac1.ContactTest" time="0.016" errors="0" timestamp="2025-07-05T11:37:06 IST" skipped="0">
  <testcase classname="pac1.ContactTest" name="modifyContactTest" time="0.002"/>
  <testcase classname="pac1.ContactTest" name="createContactTest" time="0.014"/>
</testsuite> <!-- pac1.ContactTest -->
