<?xml version="1.0" encoding="UTF-8"?>
<!-- Generated by org.testng.reporters.JUnitReportReporter -->
<testsuite hostname="DESKTOP-P8A2U13" failures="0" tests="2" name="pac2.OrgTest" time="0.019" errors="0" timestamp="2025-07-05T11:37:00 IST" skipped="0">
  <testcase classname="pac2.OrgTest" name="createOrgTest" time="0.017"/>
  <testcase classname="pac2.OrgTest" name="modifyOrgTest" time="0.002"/>
</testsuite> <!-- pac2.OrgTest -->
